<?xml version="1.0" encoding="UTF-8" ?>
<testsuite 
errors="0" failures="0" hostname="cc-poc-mk-1.gce.cloudera.com" name="com.cloudera.sa.examples.tablestats.TestTableStatsSinglePathMain" tests="1" time="4.458" timestamp="2017-08-15T06:49:39">
  <properties>
[...]
</properties>
  <testcase 
  name="run table stats on sample data" classname="com.cloudera.sa.examples.tablestats.TestTableStatsSinglePathMain" time="4.442">
</testcase>
  <system-out><![CDATA[]]></system-out>
  <system-err><![CDATA[]]></system-err>
</testsuite>
